<?xml version="1.0" encoding="UTF-8"?>
<!-- Generated by org.testng.reporters.JUnitReportReporter -->
<testsuite hostname="DESKTOP-VQCS82H" name="testAPI.LearnDependsOn" tests="3" failures="0" timestamp="22 Sep 2019 07:01:35 GMT" time="0.016" errors="0">
  <testcase name="test3" time="0.002" classname="testAPI.LearnDependsOn"/>
  <testcase name="test2" time="0.013" classname="testAPI.LearnDependsOn"/>
  <testcase name="test1" time="0.001" classname="testAPI.LearnDependsOn"/>
</testsuite> <!-- testAPI.LearnDependsOn -->
