<?xml version="1.0" encoding="UTF-8"?>
<!-- Generated by org.testng.reporters.JUnitReportReporter -->
<testsuite hostname="DESKTOP-VQCS82H" name="testAPI.LearnDataProvider" tests="3" failures="0" timestamp="22 Sep 2019 06:52:10 GMT" time="0.015" errors="0">
  <testcase name="login" time="0.015" classname="testAPI.LearnDataProvider"/>
  <testcase name="login" time="0.000" classname="testAPI.LearnDataProvider"/>
  <testcase name="login" time="0.000" classname="testAPI.LearnDataProvider"/>
</testsuite> <!-- testAPI.LearnDataProvider -->
