<?xml version="1.0" encoding="UTF-8"?>
<!-- Generated by org.testng.reporters.JUnitReportReporter -->
<testsuite hostname="DESKTOP-VQCS82H" name="testAPI.CreateARecord" tests="1" failures="0" timestamp="22 Sep 2019 07:38:02 GMT" time="5.371" errors="0">
  <testcase name="test1" time="5.371" classname="testAPI.CreateARecord"/>
</testsuite> <!-- testAPI.CreateARecord -->
