<?xml version="1.0" encoding="UTF-8"?>
<!-- Generated by org.testng.reporters.JUnitReportReporter -->
<testsuite hostname="DESKTOP-VQCS82H" name="testAPI.LearnGroups" tests="2" failures="0" timestamp="22 Sep 2019 07:12:12 GMT" time="0.016" errors="0">
  <testcase name="test2" time="0.016" classname="testAPI.LearnGroups"/>
  <testcase name="test3" time="0.000" classname="testAPI.LearnGroups"/>
</testsuite> <!-- testAPI.LearnGroups -->
