<?xml version="1.0" encoding="UTF-8"?>
<!-- Generated by org.testng.reporters.JUnitReportReporter -->
<testsuite hostname="DESKTOP-VQCS82H" failures="0" tests="1" name="testScript.TC_MercuryTours_Login" time="8.328" errors="0" timestamp="2019-09-21T07:43:17 IST" skipped="0">
  <testcase classname="testScript.TC_MercuryTours_Login" name="Script1" time="8.328"/>
</testsuite> <!-- testScript.TC_MercuryTours_Login -->
