<?xml version="1.0" encoding="UTF-8"?>
<!-- Generated by org.testng.reporters.JUnitReportReporter -->
<testsuite hostname="DESKTOP-VQCS82H" failures="0" tests="3" name="basicAnnotations_M3.Scenario6" time="0.019" errors="0" timestamp="2019-09-01T11:39:04 IST" skipped="0">
  <testcase classname="basicAnnotations_M3.Scenario6" name="test1" time="0.001"/>
  <testcase classname="basicAnnotations_M3.Scenario6" name="test3" time="0.000"/>
  <testcase classname="basicAnnotations_M3.Scenario6" name="test2" time="0.018"/>
</testsuite> <!-- basicAnnotations_M3.Scenario6 -->
