<?xml version="1.0" encoding="UTF-8"?>
<!-- Generated by org.testng.reporters.JUnitReportReporter -->
<testsuite hostname="DESKTOP-VQCS82H" failures="0" tests="3" name="basicAnnotations_M1.Scenario1" time="0.020" errors="0" timestamp="2019-09-01T11:39:04 IST" skipped="0">
  <testcase classname="basicAnnotations_M1.Scenario1" name="test1" time="0.003"/>
  <testcase classname="basicAnnotations_M1.Scenario1" name="test3" time="0.012"/>
  <testcase classname="basicAnnotations_M1.Scenario1" name="test2" time="0.005"/>
</testsuite> <!-- basicAnnotations_M1.Scenario1 -->
