<?xml version="1.0" encoding="UTF-8"?>
<!-- Generated by org.testng.reporters.JUnitReportReporter -->
<testsuite hostname="DESKTOP-VQCS82H" failures="0" tests="1" name="basicSelenium.HandleIframe" time="34.602" errors="0" timestamp="2019-09-14T11:56:02 IST" skipped="0">
  <testcase classname="basicSelenium.HandleIframe" name="test1" time="34.602"/>
</testsuite> <!-- basicSelenium.HandleIframe -->
