<?xml version="1.0" encoding="UTF-8"?>
<!-- Generated by org.testng.reporters.JUnitReportReporter -->
<testsuite hostname="DESKTOP-VQCS82H" failures="0" tests="1" name="basicSelenium.FlipKart1" time="40.527" errors="0" timestamp="2019-09-07T13:07:43 IST" skipped="0">
  <testcase classname="basicSelenium.FlipKart1" name="test2" time="40.527"/>
</testsuite> <!-- basicSelenium.FlipKart1 -->
