<?xml version="1.0" encoding="UTF-8"?>
<!-- Generated by org.testng.reporters.JUnitReportReporter -->
<testsuite hostname="DESKTOP-VQCS82H" failures="0" tests="1" name="basicSelenium.SeleniumClass1" time="23.138" errors="0" timestamp="2019-09-01T12:35:17 IST" skipped="0">
  <testcase classname="basicSelenium.SeleniumClass1" name="test1" time="23.138"/>
</testsuite> <!-- basicSelenium.SeleniumClass1 -->
