<?xml version="1.0" encoding="UTF-8"?>
<!-- Generated by org.testng.reporters.JUnitReportReporter -->
<testsuite hostname="DESKTOP-VQCS82H" failures="0" tests="1" name="basicSelenium.SeleniumClass2" time="39.700" errors="0" timestamp="2019-09-07T11:53:15 IST" skipped="0">
  <testcase classname="basicSelenium.SeleniumClass2" name="test1" time="39.700"/>
</testsuite> <!-- basicSelenium.SeleniumClass2 -->
